13:16:33 scenario.file.loc[Ljava.lang.String;@517cd4b
13:16:33 loading BDD file: scenarios/suite1.bdd
13:16:33 total test found: 1
13:16:33 

Executing scenario: TestingFlipkart - Flipkart
13:16:33 pkg: com.qmetry.qaf.automation.step
13:16:33 pkg: com.testautomation
13:16:33 Found duplicate step to load [] with [lower] prority then []
13:16:33 Invoking Teststep: Given user skip the authentication
13:16:49 Completed Teststep: Given user skip the authentication
13:16:49 Invoking Teststep: When user search for 'apple ipad' in search with arguments: [apple ipad]
13:16:59 Completed Teststep: When user search for 'apple ipad' in search with arguments: [apple ipad]
13:16:59 Invoking Teststep: And user clicks on 'apple ipad in Tablets' in search with arguments: [apple ipad in Tablets]
13:17:02 Completed Teststep: And user clicks on 'apple ipad in Tablets' in search with arguments: [apple ipad in Tablets]
13:17:02 Invoking Teststep: When user gets the product list
13:17:04 Failure Teststep: When user gets the product list
java.lang.NumberFormatException: For input string: "Rs.22900"
	at java.lang.NumberFormatException.forInputString(Unknown Source)
	at java.lang.Integer.parseInt(Unknown Source)
	at java.lang.Integer.parseInt(Unknown Source)
	at com.testautomation.pages.SearchscreenTestPage.Searchthelist(SearchscreenTestPage.java:98)
	at sun.reflect.NativeMethodAccessorImpl.invoke0(Native Method)
	at sun.reflect.NativeMethodAccessorImpl.invoke(Unknown Source)
	at sun.reflect.DelegatingMethodAccessorImpl.invoke(Unknown Source)
	at java.lang.reflect.Method.invoke(Unknown Source)
	at com.qmetry.qaf.automation.step.JavaStep.doExecute(JavaStep.java:160)
	at com.qmetry.qaf.automation.step.BaseTestStep.execute(BaseTestStep.java:149)
	at com.qmetry.qaf.automation.step.StringTestStep.execute(StringTestStep.java:134)
	at com.qmetry.qaf.automation.step.client.Scenario.execute(Scenario.java:167)
	at com.qmetry.qaf.automation.step.client.Scenario.scenario(Scenario.java:219)
	at sun.reflect.NativeMethodAccessorImpl.invoke0(Native Method)
	at sun.reflect.NativeMethodAccessorImpl.invoke(Unknown Source)
	at sun.reflect.DelegatingMethodAccessorImpl.invoke(Unknown Source)
	at java.lang.reflect.Method.invoke(Unknown Source)
	at org.testng.internal.MethodInvocationHelper.invokeMethod(MethodInvocationHelper.java:104)
	at org.testng.internal.Invoker.invokeMethod(Invoker.java:645)
	at org.testng.internal.Invoker.invokeTestMethod(Invoker.java:851)
	at org.testng.internal.Invoker.invokeTestMethods(Invoker.java:1177)
	at org.testng.internal.TestMethodWorker.invokeTestMethods(TestMethodWorker.java:129)
	at org.testng.internal.TestMethodWorker.run(TestMethodWorker.java:112)
	at org.testng.TestRunner.privateRun(TestRunner.java:781)
	at org.testng.TestRunner.run(TestRunner.java:635)
	at org.testng.SuiteRunner.runTest(SuiteRunner.java:387)
	at org.testng.SuiteRunner.runSequentially(SuiteRunner.java:382)
	at org.testng.SuiteRunner.privateRun(SuiteRunner.java:340)
	at org.testng.SuiteRunner.run(SuiteRunner.java:289)
	at org.testng.SuiteRunnerWorker.runSuite(SuiteRunnerWorker.java:52)
	at org.testng.SuiteRunnerWorker.run(SuiteRunnerWorker.java:86)
	at org.testng.TestNG.runSuitesSequentially(TestNG.java:1293)
	at org.testng.TestNG.runSuitesLocally(TestNG.java:1218)
	at org.testng.TestNG.runSuites(TestNG.java:1133)
	at org.testng.TestNG.run(TestNG.java:1104)
	at org.testng.remote.AbstractRemoteTestNG.run(AbstractRemoteTestNG.java:114)
	at org.testng.remote.RemoteTestNG.initAndRun(RemoteTestNG.java:251)
	at org.testng.remote.RemoteTestNG.main(RemoteTestNG.java:77)
13:17:04 Completed Teststep: When user gets the product list
13:17:04 Competed scenario: TestingFlipkart with status FAILURE
