12:58:58 scenario.file.loc[Ljava.lang.String;@517cd4b
12:58:58 loading BDD file: scenarios/suite1.bdd
12:58:58 total test found: 1
12:58:58 

Executing scenario: TestingFlipkart - Flipkart
12:58:58 pkg: com.qmetry.qaf.automation.step
12:58:58 pkg: com.testautomation
12:58:58 Found duplicate step to load [] with [lower] prority then []
12:58:58 Invoking Teststep: Given user skip the authentication
12:59:19 Completed Teststep: Given user skip the authentication
12:59:19 Invoking Teststep: When user search for 'apple ipad' in search with arguments: [apple ipad]
12:59:28 Completed Teststep: When user search for 'apple ipad' in search with arguments: [apple ipad]
12:59:28 Invoking Teststep: And user clicks on 'apple ipad in Tablets' in search with arguments: [apple ipad in Tablets]
12:59:30 Completed Teststep: And user clicks on 'apple ipad in Tablets' in search with arguments: [apple ipad in Tablets]
12:59:30 Invoking Teststep: Then user verify the product
12:59:32 Failure Teststep: Then user verify the product
org.openqa.selenium.NoSuchElementException: An element could not be located on the page using the given search parameters. (WARNING: The server did not provide any stacktrace information)
Command duration or timeout: 15 milliseconds
For documentation on this error, please visit: http://seleniumhq.org/exceptions/no_such_element.html
Build info: version: '2.53.0', revision: '35ae25b1534ae328c771e0856c93e187490ca824', time: '2016-03-15 10:43:46'
System info: host: 'ICPL11471', ip: '10.11.31.70', os.name: 'Windows 10', os.arch: 'amd64', os.version: '10.0', java.version: '1.8.0_152'
Driver info: com.qmetry.qaf.automation.ui.webdriver.QAFExtendedWebDriver
Capabilities [{appPackage=com.flipkart.android, deviceScreenSize=1080x1920, networkConnectionEnabled=true, warnings={}, databaseEnabled=false, deviceName=192.168.227.101:5555, platform=LINUX, deviceUDID=192.168.227.101:5555, appActivity=com.flipkart.android.activity.HomeFragmentHolderActivity, browser_name=, desired={appPackage=com.flipkart.android, appActivity=com.flipkart.android.activity.HomeFragmentHolderActivity, browser_name=, appium-version=4.1.2, newCommandTimeout=120, automationName=appium, takesScreenshot=true, javascriptEnabled=true, driver.class=io.appium.java_client.android.AndroidDriver, platformName=Android, deviceName=192.168.227.101.5555, cssSelectorsEnabled=true}, appium-version=4.1.2, newCommandTimeout=120, platformVersion=5.0, webStorageEnabled=false, locationContextEnabled=false, automationName=appium, takesScreenshot=true, javascriptEnabled=true, driver.class=io.appium.java_client.android.AndroidDriver, deviceModel=Google Nexus 5 - 5.0.0 - API 21 - 1080x1920, platformName=Android, deviceManufacturer=unknown, cssSelectorsEnabled=true}]
Session ID: cc26d30e-9a27-48b4-ba1f-9b45a51b7f30
	at sun.reflect.NativeConstructorAccessorImpl.newInstance0(Native Method)
	at sun.reflect.NativeConstructorAccessorImpl.newInstance(Unknown Source)
	at sun.reflect.DelegatingConstructorAccessorImpl.newInstance(Unknown Source)
	at java.lang.reflect.Constructor.newInstance(Unknown Source)
	at org.openqa.selenium.remote.ErrorHandler.createThrowable(ErrorHandler.java:206)
	at org.openqa.selenium.remote.ErrorHandler.throwIfResponseFailed(ErrorHandler.java:158)
	at org.openqa.selenium.remote.RemoteWebDriver.execute(RemoteWebDriver.java:678)
	at com.qmetry.qaf.automation.ui.webdriver.QAFExtendedWebDriver.executeWitoutLog(QAFExtendedWebDriver.java:256)
	at com.qmetry.qaf.automation.ui.webdriver.QAFExtendedWebElement.execute(QAFExtendedWebElement.java:252)
	at org.openqa.selenium.remote.RemoteWebElement.getAttribute(RemoteWebElement.java:150)
	at com.testautomation.pages.SearchscreenTestPage.Searchthelist(SearchscreenTestPage.java:84)
	at sun.reflect.NativeMethodAccessorImpl.invoke0(Native Method)
	at sun.reflect.NativeMethodAccessorImpl.invoke(Unknown Source)
	at sun.reflect.DelegatingMethodAccessorImpl.invoke(Unknown Source)
	at java.lang.reflect.Method.invoke(Unknown Source)
	at com.qmetry.qaf.automation.step.JavaStep.doExecute(JavaStep.java:160)
	at com.qmetry.qaf.automation.step.BaseTestStep.execute(BaseTestStep.java:149)
	at com.qmetry.qaf.automation.step.StringTestStep.execute(StringTestStep.java:134)
	at com.qmetry.qaf.automation.step.client.Scenario.execute(Scenario.java:167)
	at com.qmetry.qaf.automation.step.client.Scenario.scenario(Scenario.java:219)
	at sun.reflect.NativeMethodAccessorImpl.invoke0(Native Method)
	at sun.reflect.NativeMethodAccessorImpl.invoke(Unknown Source)
	at sun.reflect.DelegatingMethodAccessorImpl.invoke(Unknown Source)
	at java.lang.reflect.Method.invoke(Unknown Source)
	at org.testng.internal.MethodInvocationHelper.invokeMethod(MethodInvocationHelper.java:104)
	at org.testng.internal.Invoker.invokeMethod(Invoker.java:645)
	at org.testng.internal.Invoker.invokeTestMethod(Invoker.java:851)
	at org.testng.internal.Invoker.invokeTestMethods(Invoker.java:1177)
	at org.testng.internal.TestMethodWorker.invokeTestMethods(TestMethodWorker.java:129)
	at org.testng.internal.TestMethodWorker.run(TestMethodWorker.java:112)
	at org.testng.TestRunner.privateRun(TestRunner.java:781)
	at org.testng.TestRunner.run(TestRunner.java:635)
	at org.testng.SuiteRunner.runTest(SuiteRunner.java:387)
	at org.testng.SuiteRunner.runSequentially(SuiteRunner.java:382)
	at org.testng.SuiteRunner.privateRun(SuiteRunner.java:340)
	at org.testng.SuiteRunner.run(SuiteRunner.java:289)
	at org.testng.SuiteRunnerWorker.runSuite(SuiteRunnerWorker.java:52)
	at org.testng.SuiteRunnerWorker.run(SuiteRunnerWorker.java:86)
	at org.testng.TestNG.runSuitesSequentially(TestNG.java:1293)
	at org.testng.TestNG.runSuitesLocally(TestNG.java:1218)
	at org.testng.TestNG.runSuites(TestNG.java:1133)
	at org.testng.TestNG.run(TestNG.java:1104)
	at org.testng.remote.AbstractRemoteTestNG.run(AbstractRemoteTestNG.java:114)
	at org.testng.remote.RemoteTestNG.initAndRun(RemoteTestNG.java:251)
	at org.testng.remote.RemoteTestNG.main(RemoteTestNG.java:77)
12:59:32 Completed Teststep: Then user verify the product
12:59:32 Competed scenario: TestingFlipkart with status FAILURE
